TN:
SF:src\index.ts
FN:17,(anonymous_1)
FN:21,(anonymous_2)
FNF:2
FNH:1
FNDA:0,(anonymous_1)
FNDA:1,(anonymous_2)
DA:1,1
DA:2,1
DA:4,1
DA:7,1
DA:8,1
DA:10,1
DA:11,1
DA:13,1
DA:17,1
DA:18,0
DA:19,0
DA:21,1
DA:24,1
LF:13
LH:11
BRDA:8,0,0,0
BRDA:8,0,1,1
BRDA:8,1,0,1
BRDA:8,1,1,1
BRF:4
BRH:3
end_of_record
TN:
SF:src\config\db.ts
FN:15,openConnectionDb
FN:27,closeConnectionDb
FNF:2
FNH:2
FNDA:8,openConnectionDb
FNDA:6,closeConnectionDb
DA:1,1
DA:2,1
DA:6,1
DA:18,8
DA:19,8
DA:21,0
DA:22,0
DA:29,12
DA:30,6
DA:32,0
DA:41,1
LF:11
LH:8
BRF:0
BRH:0
end_of_record
TN:
SF:src\config\password.ts
FNF:0
FNH:0
DA:1,1
DA:6,1
LF:2
LH:2
BRF:0
BRH:0
end_of_record
TN:
SF:src\controllers\productControllers.ts
FN:5,(anonymous_14)
FN:5,(anonymous_15)
FN:20,(anonymous_17)
FN:20,(anonymous_18)
FN:36,(anonymous_20)
FN:36,(anonymous_21)
FN:49,(anonymous_23)
FN:49,(anonymous_24)
FN:63,(anonymous_26)
FN:63,(anonymous_27)
FN:77,(anonymous_29)
FN:77,(anonymous_30)
FNF:12
FNH:4
FNDA:2,(anonymous_14)
FNDA:2,(anonymous_15)
FNDA:0,(anonymous_17)
FNDA:0,(anonymous_18)
FNDA:3,(anonymous_20)
FNDA:3,(anonymous_21)
FNDA:0,(anonymous_23)
FNDA:0,(anonymous_24)
FNDA:0,(anonymous_26)
FNDA:0,(anonymous_27)
FNDA:0,(anonymous_29)
FNDA:0,(anonymous_30)
DA:2,1
DA:5,2
DA:8,2
DA:10,2
DA:11,2
DA:15,0
DA:20,1
DA:22,0
DA:23,0
DA:25,0
DA:26,0
DA:30,0
DA:36,3
DA:39,3
DA:41,2
DA:42,2
DA:45,1
DA:49,1
DA:52,0
DA:53,0
DA:55,0
DA:56,0
DA:59,0
DA:63,1
DA:65,0
DA:66,0
DA:68,0
DA:69,0
DA:72,0
DA:77,1
DA:79,0
DA:80,0
DA:82,0
DA:83,0
DA:86,0
DA:93,1
LF:36
LH:15
BRDA:10,0,0,0
BRDA:25,1,0,0
BRDA:41,2,0,0
BRDA:55,3,0,0
BRDA:68,4,0,0
BRDA:82,5,0,0
BRF:6
BRH:0
end_of_record
TN:
SF:src\models\productModel.ts
FN:6,(anonymous_13)
FN:14,(anonymous_16)
FN:21,(anonymous_19)
FN:30,(anonymous_22)
FN:39,(anonymous_25)
FN:48,(anonymous_28)
FN:56,(anonymous_31)
FNF:7
FNH:3
FNDA:2,(anonymous_13)
FNDA:0,(anonymous_16)
FNDA:3,(anonymous_19)
FNDA:0,(anonymous_22)
FNDA:0,(anonymous_25)
FNDA:1,(anonymous_28)
FNDA:0,(anonymous_31)
DA:1,1
DA:4,1
DA:8,2
DA:9,2
DA:10,4
DA:11,2
DA:16,0
DA:17,0
DA:18,0
DA:19,0
DA:23,3
DA:24,3
DA:25,3
DA:26,4
DA:27,2
DA:32,0
DA:33,0
DA:34,0
DA:35,0
DA:36,0
DA:41,0
DA:42,0
DA:43,0
DA:44,0
DA:50,1
DA:51,1
DA:52,2
DA:53,1
DA:57,0
DA:58,0
DA:59,0
DA:60,0
DA:63,1
LF:33
LH:16
BRDA:8,0,0,2
BRDA:16,1,0,0
BRDA:23,2,0,3
BRDA:32,3,0,0
BRDA:41,4,0,0
BRDA:50,5,0,1
BRDA:57,6,0,0
BRF:7
BRH:3
end_of_record
TN:
SF:src\routes\productsRouter.ts
FNF:0
FNH:0
DA:1,1
DA:2,1
DA:6,1
DA:8,1
DA:9,1
DA:10,1
DA:11,1
DA:12,1
DA:13,1
DA:15,1
LF:10
LH:10
BRF:0
BRH:0
end_of_record
